  Transform.cpp
  InspectorWindow.cpp
c:\users\gg_11\documents\visual studio 2015\projects\gameengine2\gameengine\inspectorwindow.cpp(26): error C3867: 'InspectorWindow::OnActiveGameObjectChanged': non-standard syntax; use '&' to create a pointer to member
  Editor.cpp
  Generating Code...
  Compiling...
  main.cpp
  World.cpp
  Utils.cpp
  TransformUpdater.cpp
  SerializedFields.cpp
  RenderingSlot.cpp
  PrefabField.cpp
  MeshRenderer.cpp
  MeshField.cpp
  Mesh.cpp
  Light.cpp
  HierarchyWindow.cpp
  GeometryRenderer.cpp
  GameObject.cpp
  ComponentCreator.cpp
  Component.cpp
  Camera.cpp
  Application.cpp
c:\users\gg_11\documents\visual studio 2015\projects\gameengine2\gameengine\application.cpp(29): warning C4244: 'argument': conversion from 'float' to 'int', possible loss of data
  Generating Code...
