c:\users\gg_11\documents\visual studio 2015\projects\gameengine2\gameengine\debug\vc140.pdb
c:\users\gg_11\documents\visual studio 2015\projects\gameengine2\gameengine\debug\vc140.idb
c:\users\gg_11\documents\visual studio 2015\projects\gameengine2\gameengine\debug\imgui_draw.obj
c:\users\gg_11\documents\visual studio 2015\projects\gameengine2\gameengine\debug\imgui_impl_glfw_gl3.obj
c:\users\gg_11\documents\visual studio 2015\projects\gameengine2\gameengine\debug\main.obj
c:\users\gg_11\documents\visual studio 2015\projects\gameengine2\gameengine\debug\meshfield.obj
c:\users\gg_11\documents\visual studio 2015\projects\gameengine2\gameengine\debug\path.obj
c:\users\gg_11\documents\visual studio 2015\projects\gameengine2\gameengine\debug\prefabfield.obj
c:\users\gg_11\documents\visual studio 2015\projects\gameengine2\gameengine\debug\serializedfields.obj
c:\users\gg_11\documents\visual studio 2015\projects\gameengine2\gameengine\debug\utils.obj
c:\users\gg_11\documents\visual studio 2015\projects\gameengine2\gameengine\debug\gameobject.obj
c:\users\gg_11\documents\visual studio 2015\projects\gameengine2\gameengine\debug\geometryrenderer.obj
c:\users\gg_11\documents\visual studio 2015\projects\gameengine2\gameengine\debug\light.obj
c:\users\gg_11\documents\visual studio 2015\projects\gameengine2\gameengine\debug\mesh.obj
c:\users\gg_11\documents\visual studio 2015\projects\gameengine2\gameengine\debug\meshrenderer.obj
c:\users\gg_11\documents\visual studio 2015\projects\gameengine2\gameengine\debug\renderingslot.obj
c:\users\gg_11\documents\visual studio 2015\projects\gameengine2\gameengine\debug\shaderprogram.obj
c:\users\gg_11\documents\visual studio 2015\projects\gameengine2\gameengine\debug\transform.obj
c:\users\gg_11\documents\visual studio 2015\projects\gameengine2\gameengine\debug\transformupdater.obj
c:\users\gg_11\documents\visual studio 2015\projects\gameengine2\gameengine\debug\windowconfiguration.obj
c:\users\gg_11\documents\visual studio 2015\projects\gameengine2\gameengine\debug\world.obj
c:\users\gg_11\documents\visual studio 2015\projects\gameengine2\gameengine\debug\application.obj
c:\users\gg_11\documents\visual studio 2015\projects\gameengine2\gameengine\debug\asset.obj
c:\users\gg_11\documents\visual studio 2015\projects\gameengine2\gameengine\debug\assetloader.obj
c:\users\gg_11\documents\visual studio 2015\projects\gameengine2\gameengine\debug\camera.obj
c:\users\gg_11\documents\visual studio 2015\projects\gameengine2\gameengine\debug\component.obj
c:\users\gg_11\documents\visual studio 2015\projects\gameengine2\gameengine\debug\componentcreator.obj
c:\users\gg_11\documents\visual studio 2015\projects\gameengine2\gameengine\debug\debug.obj
c:\users\gg_11\documents\visual studio 2015\projects\gameengine2\gameengine\debug\hierarchywindow.obj
c:\users\gg_11\documents\visual studio 2015\projects\gameengine2\gameengine\debug\imgui.obj
c:\users\gg_11\documents\visual studio 2015\projects\gameengine2\gameengine\debug\imgui_demo.obj
c:\users\gg_11\documents\visual studio 2015\projects\gameengine2\gameengine\debug\gameengine.tlog\cl.command.1.tlog
c:\users\gg_11\documents\visual studio 2015\projects\gameengine2\gameengine\debug\gameengine.tlog\cl.read.1.tlog
c:\users\gg_11\documents\visual studio 2015\projects\gameengine2\gameengine\debug\gameengine.tlog\cl.write.1.tlog
